<?xml version="1.0" encoding="UTF-8"?>
<!-- Generated by org.testng.reporters.JUnitXMLReporter -->
<testsuite hostname="Rahul-PC" ignored="2" name="HubSpot Functional Test" tests="4" failures="1" timestamp="26 May 2020 14:23:05 GMT" time="0.152" errors="0">
  <testcase name="@BeforeTest setUp" time="0.0" classname="TestNGSessions.BaseTest">
    <failure type="org.testng.TestNGException" message="
Parameter &amp;apos;url&amp;apos; is required by BeforeTest on method setUp but has not been marked @Optional or defined
in D:\eclipse\March2020SeleniumSessions\src\test\resources\testrunners\testng_regression.xml">
      <![CDATA[org.testng.TestNGException: 
Parameter 'url' is required by BeforeTest on method setUp but has not been marked @Optional or defined
in D:\eclipse\March2020SeleniumSessions\src\test\resources\testrunners\testng_regression.xml
... Removed 21 stack frames]]>
    </failure>
  </testcase> <!-- @BeforeTest setUp -->
  <testcase name="@AfterTest tearDown" time="0.0" classname="TestNGSessions.BaseTest">
    <skipped/>
  </testcase> <!-- @AfterTest tearDown -->
  <testcase name="verifySignUpLinkTest" time="0.0" classname="TestNGSessions.loginPageTest">
    <skipped/>
  </testcase> <!-- verifySignUpLinkTest -->
  <testcase name="verifyLogInPageTitleTest" time="0.0" classname="TestNGSessions.HomePageTest">
    <skipped/>
  </testcase> <!-- verifyLogInPageTitleTest -->
  <testcase name="verifyLogInPageTitleTest" time="0.0" classname="TestNGSessions.loginPageTest">
    <skipped/>
  </testcase> <!-- verifyLogInPageTitleTest -->
  <testcase name="loginTest" time="0.0" classname="TestNGSessions.loginPageTest">
    <failure type="org.testng.TestNGException" message="
Parameter &amp;apos;username&amp;apos; is required by @Test on method loginTest but has not been marked @Optional or defined
in D:\eclipse\March2020SeleniumSessions\src\test\resources\testrunners\testng_regression.xml">
      <![CDATA[org.testng.TestNGException: 
Parameter 'username' is required by @Test on method loginTest but has not been marked @Optional or defined
in D:\eclipse\March2020SeleniumSessions\src\test\resources\testrunners\testng_regression.xml
... Removed 24 stack frames]]>
    </failure>
  </testcase> <!-- loginTest -->
  <testcase name="@AfterTest tearDown" time="0.0" classname="TestNGSessions.BaseTest">
    <ignored/>
  </testcase> <!-- @AfterTest tearDown -->
  <testcase name="@BeforeTest setUp" time="0.0" classname="TestNGSessions.BaseTest">
    <ignored/>
  </testcase> <!-- @BeforeTest setUp -->
</testsuite> <!-- HubSpot Functional Test -->
